[2025-11-18 21:36:15.676] [info]  No state version found, assuming empty state.
[2025-11-18 21:36:16.047] [info]  [Process Isolation] Isolating process from debuggers and memory dumps
[2025-11-18 21:36:16.058] [info]  Coredumps are disabled in renderer process
[2025-11-18 21:36:17.023] [info]  [Native Messaging IPC] Clearing connected apps
[2025-11-18 21:36:17.025] [info]  State version: 72
[2025-11-18 21:36:17.160] [info]  Retrieving application id
[2025-11-18 21:36:25.726] [info]  Retrieving application id
[2025-11-18 21:36:25.743] [info]  Retrieving application id
[2025-11-18 21:36:30.617] [info]  Retrieving application id
[2025-11-18 21:36:31.037] [info]  [KeyService] Deriving master key took 125ms
[2025-11-18 21:36:31.042] [info]  Retrieving application id
[2025-11-18 21:36:52.215] [info]  [NAPI] [INFO] desktop_core::password::password: falling back to get legacy Bitwarden 1c50bfab-4910-4c3e-8c74-ad460080d60a_accessTokenKey
[2025-11-18 21:36:52.217] [error] [Credential Storage Listener] getPassword failed Error: service error org.freedesktop.zbus.Error: The name is not activatable
[2025-11-18 21:36:52.222] [error] [Credential Storage Listener] setPassword failed Error: DBus error service error org.freedesktop.zbus.Error: The name is not activatable
[2025-11-18 21:36:52.225] [info]  [NAPI] [INFO] desktop_core::password::password: falling back to get legacy Bitwarden 1c50bfab-4910-4c3e-8c74-ad460080d60a_accessTokenKey
[2025-11-18 21:36:52.227] [error] [Credential Storage Listener] getPassword failed Error: service error org.freedesktop.zbus.Error: The name is not activatable
[2025-11-18 21:36:52.228] [error] SetAccessToken: storing encrypted access token in secure storage failed. Falling back to disk storage. Error: New Access token key unable to be retrieved from secure storage.
[2025-11-18 21:36:52.232] [info]  Using SignalR for server notifications
[2025-11-18 21:36:52.234] [error] [Credential Storage Listener] setPassword failed Error: DBus error service error org.freedesktop.zbus.Error: The name is not activatable
[2025-11-18 21:36:52.236] [info]  [NAPI] [INFO] desktop_core::password::password: falling back to get legacy Bitwarden 1c50bfab-4910-4c3e-8c74-ad460080d60a_accessTokenKey
[2025-11-18 21:36:52.237] [error] [Credential Storage Listener] getPassword failed Error: service error org.freedesktop.zbus.Error: The name is not activatable
[2025-11-18 21:36:52.238] [info]  [NAPI] [INFO] desktop_core::password::password: falling back to get legacy Bitwarden 1c50bfab-4910-4c3e-8c74-ad460080d60a_refreshToken
[2025-11-18 21:36:52.241] [error] [Credential Storage Listener] getPassword failed Error: service error org.freedesktop.zbus.Error: The name is not activatable
[2025-11-18 21:36:52.242] [info]  [NAPI] [INFO] desktop_core::password::password: falling back to get legacy Bitwarden 1c50bfab-4910-4c3e-8c74-ad460080d60a_accessTokenKey
[2025-11-18 21:36:52.242] [error] SetRefreshToken: storing refresh token in secure storage failed. Falling back to disk storage. Error: Refresh token failed to save to secure storage.
[2025-11-18 21:36:52.243] [error] [Credential Storage Listener] getPassword failed Error: service error org.freedesktop.zbus.Error: The name is not activatable
[2025-11-18 21:36:52.297] [info]  [NAPI] [INFO] desktop_core::password::password: falling back to get legacy Bitwarden 1c50bfab-4910-4c3e-8c74-ad460080d60a_accessTokenKey
[2025-11-18 21:36:52.298] [error] [Credential Storage Listener] getPassword failed Error: service error org.freedesktop.zbus.Error: The name is not activatable
[2025-11-18 21:36:52.305] [info]  [NAPI] [INFO] desktop_core::password::password: falling back to get legacy Bitwarden 1c50bfab-4910-4c3e-8c74-ad460080d60a_accessTokenKey
[2025-11-18 21:36:52.306] [error] [Credential Storage Listener] getPassword failed Error: service error org.freedesktop.zbus.Error: The name is not activatable
[2025-11-18 21:36:52.309] [error] [Credential Storage Listener] deletePassword failed Error: DBus error service error org.freedesktop.zbus.Error: The name is not activatable
[2025-11-18 21:36:52.338] [info]  [NAPI] [INFO] desktop_core::password::password: falling back to get legacy Bitwarden 1c50bfab-4910-4c3e-8c74-ad460080d60a_accessTokenKey
[2025-11-18 21:36:52.341] [error] [Credential Storage Listener] getPassword failed Error: service error org.freedesktop.zbus.Error: The name is not activatable
[2025-11-18 21:36:52.346] [info]  [NAPI] [INFO] desktop_core::password::password: falling back to get legacy Bitwarden 1c50bfab-4910-4c3e-8c74-ad460080d60a_accessTokenKey
[2025-11-18 21:36:52.349] [error] [Credential Storage Listener] getPassword failed Error: service error org.freedesktop.zbus.Error: The name is not activatable
[2025-11-18 21:36:52.655] [info]  [SignalR] WebSocket connected to wss://notifications.bitwarden.com/hub?access_token=[REDACTED]
[2025-11-18 21:36:52.656] [info]  [SignalR] Using HubProtocol 'messagepack'.
[2025-11-18 21:36:53.059] [info]  [NAPI] [INFO] desktop_core::password::password: falling back to get legacy Bitwarden 1c50bfab-4910-4c3e-8c74-ad460080d60a_accessTokenKey
[2025-11-18 21:36:53.060] [error] [Credential Storage Listener] getPassword failed Error: service error org.freedesktop.zbus.Error: The name is not activatable
[2025-11-18 21:36:53.086] [info]  [NAPI] [INFO] desktop_core::password::password: falling back to get legacy Bitwarden 1c50bfab-4910-4c3e-8c74-ad460080d60a_accessTokenKey
[2025-11-18 21:36:53.088] [error] [Credential Storage Listener] getPassword failed Error: service error org.freedesktop.zbus.Error: The name is not activatable
[2025-11-18 21:36:53.101] [info]  [NAPI] [INFO] desktop_core::password::password: falling back to get legacy Bitwarden 1c50bfab-4910-4c3e-8c74-ad460080d60a_accessTokenKey
[2025-11-18 21:36:53.103] [error] [Credential Storage Listener] getPassword failed Error: service error org.freedesktop.zbus.Error: The name is not activatable
[2025-11-18 21:36:53.138] [info]  [NAPI] [INFO] desktop_core::password::password: falling back to get legacy Bitwarden 1c50bfab-4910-4c3e-8c74-ad460080d60a_accessTokenKey
[2025-11-18 21:36:53.139] [error] [Credential Storage Listener] getPassword failed Error: service error org.freedesktop.zbus.Error: The name is not activatable
[2025-11-18 21:36:53.331] [info]  [CipherService]: decrypt complete took 88.39999999850988 [ [ 'Items', 421 ] ]
[2025-11-18 21:36:53.619] [info]  [SearchService]: index complete took 273.19999999925494 [ [ 'Items', 421 ] ]
[2025-11-18 21:36:53.689] [error] SSO login email not found.
[2025-11-18 21:37:00.737] [info]  [SearchService]: index load took 19.300000000745058 undefined
[2025-11-18 21:37:00.764] [info]  [SearchService]: search complete took 56 undefined
[2025-11-18 21:37:02.173] [info]  [SearchService]: search complete took 25.100000001490116 undefined
[2025-11-18 21:37:06.305] [info]  [SearchService]: search complete took 22.600000001490116 undefined
[2025-11-18 21:37:06.558] [info]  [SearchService]: search complete took 21.400000002235174 undefined
[2025-11-18 21:37:07.388] [info]  [SearchService]: search complete took 17.799999997019768 undefined
[2025-11-18 21:37:07.626] [info]  [SearchService]: search complete took 17.399999998509884 undefined
[2025-11-18 21:37:08.172] [info]  [SearchService]: search complete took 17.5 undefined
[2025-11-18 21:37:09.387] [info]  [SearchService]: search complete took 17 undefined
[2025-11-18 21:37:09.608] [info]  [SearchService]: search complete took 17.400000002235174 undefined
[2025-11-18 21:37:26.994] [info]  [NAPI] [INFO] desktop_core::password::password: falling back to get legacy Bitwarden 1c50bfab-4910-4c3e-8c74-ad460080d60a_accessTokenKey
[2025-11-18 21:37:26.997] [error] [Credential Storage Listener] getPassword failed Error: service error org.freedesktop.zbus.Error: The name is not activatable
[2025-11-18 21:37:27.069] [info]  [NAPI] [INFO] desktop_core::password::password: falling back to get legacy Bitwarden 1c50bfab-4910-4c3e-8c74-ad460080d60a_accessTokenKey
[2025-11-18 21:37:27.070] [error] [Credential Storage Listener] getPassword failed Error: service error org.freedesktop.zbus.Error: The name is not activatable
[2025-11-18 21:37:27.082] [error] [Credential Storage Listener] setPassword failed Error: DBus error service error org.freedesktop.zbus.Error: The name is not activatable
[2025-11-18 21:37:27.085] [info]  [NAPI] [INFO] desktop_core::password::password: falling back to get legacy Bitwarden 1c50bfab-4910-4c3e-8c74-ad460080d60a_accessTokenKey
[2025-11-18 21:37:27.087] [error] [Credential Storage Listener] getPassword failed Error: service error org.freedesktop.zbus.Error: The name is not activatable
[2025-11-18 21:37:27.088] [error] SetAccessToken: storing encrypted access token in secure storage failed. Falling back to disk storage. Error: New Access token key unable to be retrieved from secure storage.
[2025-11-18 21:37:27.093] [error] [Credential Storage Listener] setPassword failed Error: DBus error service error org.freedesktop.zbus.Error: The name is not activatable
[2025-11-18 21:37:27.096] [info]  [NAPI] [INFO] desktop_core::password::password: falling back to get legacy Bitwarden 1c50bfab-4910-4c3e-8c74-ad460080d60a_refreshToken
[2025-11-18 21:37:27.098] [error] [Credential Storage Listener] getPassword failed Error: service error org.freedesktop.zbus.Error: The name is not activatable
[2025-11-18 21:37:27.098] [error] SetRefreshToken: storing refresh token in secure storage failed. Falling back to disk storage. Error: Refresh token failed to save to secure storage.
[2025-11-18 21:37:27.165] [info]  [SearchService]: search complete took 15.700000002980232 undefined
[2025-11-18 21:37:27.187] [error] [Credential Storage Listener] setPassword failed Error: DBus error service error org.freedesktop.zbus.Error: The name is not activatable
